0 info it worked if it ends with ok
1 verbose cli [ '/Users/valleykid/git/nvm/versions/node/v5.0.0/bin/node',
1 verbose cli   '/Users/valleykid/git/nvm/versions/node/v5.0.0/bin/npm',
1 verbose cli   'publish' ]
2 info using npm@3.3.6
3 info using node@v5.0.0
4 verbose publish [ '.' ]
5 silly cache add args [ '.', null ]
6 verbose cache add spec .
7 silly cache add parsed spec Result {
7 silly cache add   raw: '.',
7 silly cache add   scope: null,
7 silly cache add   name: null,
7 silly cache add   rawSpec: '.',
7 silly cache add   spec: '/Users/valleykid/future/tools/builder-project',
7 silly cache add   type: 'directory' }
8 verbose addLocalDirectory /Users/valleykid/.npm/builder-project/0.0.1/package.tgz not in flight; packing
9 info lifecycle builder-project@0.0.1~prepublish: builder-project@0.0.1
10 silly lifecycle builder-project@0.0.1~prepublish: no script for prepublish, continuing
11 verbose tar pack [ '/Users/valleykid/.npm/builder-project/0.0.1/package.tgz',
11 verbose tar pack   '/Users/valleykid/future/tools/builder-project' ]
12 verbose tarball /Users/valleykid/.npm/builder-project/0.0.1/package.tgz
13 verbose folder /Users/valleykid/future/tools/builder-project
14 verbose addLocalTarball adding from inside cache /Users/valleykid/.npm/builder-project/0.0.1/package.tgz
15 silly cache afterAdd builder-project@0.0.1
16 verbose afterAdd /Users/valleykid/.npm/builder-project/0.0.1/package/package.json not in flight; writing
17 verbose afterAdd /Users/valleykid/.npm/builder-project/0.0.1/package/package.json written
18 silly publish { name: 'builder-project',
18 silly publish   version: '0.0.1',
18 silly publish   description: 'builder tasks for project',
18 silly publish   main: 'index.js',
18 silly publish   scripts: { test: 'npm test' },
18 silly publish   repository:
18 silly publish    { type: 'git',
18 silly publish      url: 'git+https://github.com/valleykid/builder-project.git' },
18 silly publish   keywords: [ 'builder' ],
18 silly publish   dependencies:
18 silly publish    { 'babel-preset-es2015': '^6.9.0',
18 silly publish      gulp: '^3.9.1',
18 silly publish      'gulp-babel': '^6.1.2',
18 silly publish      'gulp-concat': '^2.6.0',
18 silly publish      'gulp-cssmin': '^0.1.7',
18 silly publish      'gulp-less': '^3.1.0',
18 silly publish      'gulp-load-plugins': '^1.2.4',
18 silly publish      'gulp-newer': '^1.2.0',
18 silly publish      'gulp-rename': '^1.2.2',
18 silly publish      'gulp-uglify': '^1.5.3',
18 silly publish      'gulp-watch': '^4.3.8',
18 silly publish      'less-plugin-functions': '0.0.2',
18 silly publish      'merge-stream': '^1.0.0',
18 silly publish      through2: '^2.0.1',
18 silly publish      webpack: '^1.13.1' },
18 silly publish   author: { name: 'vk' },
18 silly publish   license: 'MIT',
18 silly publish   bugs: { url: 'https://github.com/valleykid/builder-project/issues' },
18 silly publish   homepage: 'https://github.com/valleykid/builder-project#readme',
18 silly publish   readme: 'ERROR: No README data found!',
18 silly publish   readmeFilename: 'README.md',
18 silly publish   gitHead: '386388265c634c89b74c112d9fcb779948e579e2',
18 silly publish   _id: 'builder-project@0.0.1',
18 silly publish   _shasum: '8bec7ba1e697818f390499ab30c95a7349a061a6',
18 silly publish   _from: '.' }
19 verbose getPublishConfig undefined
20 silly mapToRegistry name builder-project
21 silly mapToRegistry using default registry
22 silly mapToRegistry registry https://registry.npmjs.org/
23 silly mapToRegistry uri https://registry.npmjs.org/builder-project
24 verbose publish registryBase https://registry.npmjs.org/
25 silly publish uploading /Users/valleykid/.npm/builder-project/0.0.1/package.tgz
26 verbose request uri https://registry.npmjs.org/builder-project
27 verbose request sending authorization for write operation
28 info attempt registry request try #1 at 12:00:00
29 verbose request using bearer token for auth
30 verbose request id 51fc1d30dff10c1f
31 http request PUT https://registry.npmjs.org/builder-project
32 http 403 https://registry.npmjs.org/builder-project
33 verbose headers { 'content-type': 'application/json',
33 verbose headers   'cache-control': 'max-age=300',
33 verbose headers   'content-length': '95',
33 verbose headers   'accept-ranges': 'bytes',
33 verbose headers   date: 'Mon, 27 Jun 2016 04:00:03 GMT',
33 verbose headers   via: '1.1 varnish',
33 verbose headers   connection: 'keep-alive',
33 verbose headers   'x-served-by': 'cache-ams4127-AMS',
33 verbose headers   'x-cache': 'MISS',
33 verbose headers   'x-cache-hits': '0',
33 verbose headers   'x-timer': 'S1467000002.088366,VS0,VE953',
33 verbose headers   vary: 'Accept-Encoding' }
34 verbose request invalidating /Users/valleykid/.npm/registry.npmjs.org/builder-project on PUT
35 error publish Failed PUT 403
36 verbose stack Error: "You cannot publish over the previously published version 0.0.1." : builder-project
36 verbose stack     at makeError (/Users/valleykid/git/nvm/versions/node/v5.0.0/lib/node_modules/npm/node_modules/npm-registry-client/lib/request.js:264:12)
36 verbose stack     at CachingRegistryClient.<anonymous> (/Users/valleykid/git/nvm/versions/node/v5.0.0/lib/node_modules/npm/node_modules/npm-registry-client/lib/request.js:252:14)
36 verbose stack     at Request._callback (/Users/valleykid/git/nvm/versions/node/v5.0.0/lib/node_modules/npm/node_modules/npm-registry-client/lib/request.js:172:14)
36 verbose stack     at Request.self.callback (/Users/valleykid/git/nvm/versions/node/v5.0.0/lib/node_modules/npm/node_modules/request/request.js:198:22)
36 verbose stack     at emitTwo (events.js:87:13)
36 verbose stack     at Request.emit (events.js:172:7)
36 verbose stack     at Request.<anonymous> (/Users/valleykid/git/nvm/versions/node/v5.0.0/lib/node_modules/npm/node_modules/request/request.js:1063:14)
36 verbose stack     at emitOne (events.js:82:20)
36 verbose stack     at Request.emit (events.js:169:7)
36 verbose stack     at IncomingMessage.<anonymous> (/Users/valleykid/git/nvm/versions/node/v5.0.0/lib/node_modules/npm/node_modules/request/request.js:1009:12)
37 verbose statusCode 403
38 verbose pkgid builder-project
39 verbose cwd /Users/valleykid/future/tools/builder-project
40 error Darwin 15.4.0
41 error argv "/Users/valleykid/git/nvm/versions/node/v5.0.0/bin/node" "/Users/valleykid/git/nvm/versions/node/v5.0.0/bin/npm" "publish"
42 error node v5.0.0
43 error npm  v3.3.6
44 error code E403
45 error "You cannot publish over the previously published version 0.0.1." : builder-project
46 error If you need help, you may report this error at:
46 error     <https://github.com/npm/npm/issues>
47 verbose exit [ 1, true ]
